Using pre-set license
Built from '6000.0/staging' branch; Version is '6000.0.41f1 (46e447368a18) revision 4645959'; Using compiler version '193933523'; Build Type 'Release'
OS: 'Windows 11  (10.0.26100) 64bit Core' Language: 'en' Physical Memory: 15755 MB
BatchMode: 1, IsHumanControllingUs: 0, StartBugReporterOnCrash: 0, Is64bit: 1, IsPro: 1

COMMAND LINE ARGUMENTS:
C:\Program Files\Unity\Hub\Editor\6000.0.41f1\Editor\Unity.exe
-adb2
-batchMode
-noUpm
-name
AssetImportWorker10
-projectPath
C:/Users/tormi/My project (1)
-logFile
Logs/AssetImportWorker10.log
-srvPort
64835
-job-worker-count
7
-background-job-worker-count
8
-gc-helper-count
1
Successfully changed project path to: C:/Users/tormi/My project (1)
C:/Users/tormi/My project (1)
[UnityMemory] Configuration Parameters - Can be set up in boot.config
    "memorysetup-bucket-allocator-granularity=16"
    "memorysetup-bucket-allocator-bucket-count=8"
    "memorysetup-bucket-allocator-block-size=33554432"
    "memorysetup-bucket-allocator-block-count=8"
    "memorysetup-main-allocator-block-size=16777216"
    "memorysetup-thread-allocator-block-size=16777216"
    "memorysetup-gfx-main-allocator-block-size=16777216"
    "memorysetup-gfx-thread-allocator-block-size=16777216"
    "memorysetup-cache-allocator-block-size=4194304"
    "memorysetup-typetree-allocator-block-size=2097152"
    "memorysetup-profiler-bucket-allocator-granularity=16"
    "memorysetup-profiler-bucket-allocator-bucket-count=8"
    "memorysetup-profiler-bucket-allocator-block-size=33554432"
    "memorysetup-profiler-bucket-allocator-block-count=8"
    "memorysetup-profiler-allocator-block-size=16777216"
    "memorysetup-profiler-editor-allocator-block-size=1048576"
    "memorysetup-temp-allocator-size-main=16777216"
    "memorysetup-job-temp-allocator-block-size=2097152"
    "memorysetup-job-temp-allocator-block-size-background=1048576"
    "memorysetup-job-temp-allocator-reduction-small-platforms=262144"
    "memorysetup-allocator-temp-initial-block-size-main=262144"
    "memorysetup-allocator-temp-initial-block-size-worker=262144"
    "memorysetup-temp-allocator-size-background-worker=32768"
    "memorysetup-temp-allocator-size-job-worker=262144"
    "memorysetup-temp-allocator-size-preload-manager=33554432"
    "memorysetup-temp-allocator-size-nav-mesh-worker=65536"
    "memorysetup-temp-allocator-size-audio-worker=65536"
    "memorysetup-temp-allocator-size-cloud-worker=32768"
    "memorysetup-temp-allocator-size-gi-baking-worker=262144"
    "memorysetup-temp-allocator-size-gi-baking-worker=262144"
    "memorysetup-temp-allocator-size-gi-baking-worker=262144"
    "memorysetup-temp-allocator-size-gi-baking-worker=262144"
    "memorysetup-temp-allocator-size-gi-baking-worker=262144"
    "memorysetup-temp-allocator-size-gfx=262144"
Player connection [47916]  Target information:

Player connection [47916]  * "[IP] 172.18.100.51 [Port] 0 [Flags] 2 [Guid] 2246231358 [EditorId] 2246231358 [Version] 1048832 [Id] WindowsEditor(7,KAPO-kaubik-174) [Debug] 1 [PackageName] WindowsEditor [ProjectName] Editor" 

Player connection [47916] Host joined multi-casting on [225.0.0.222:54997]...
Player connection [47916] Host joined alternative multi-casting on [225.0.0.222:34997]...
JobSystem: Creating JobQueue using job-worker-count value 7
Input System module state changed to: Initialized.
[Physics::Module] Initialized fallback backend.
[Physics::Module] Id: 0xdecafbad
Library Redirect Path: Library/
[Physics::Module] Selected backend.
[Physics::Module] Name: PhysX
[Physics::Module] Id: 0xf2b8ea05
[Physics::Module] SDK Version: 4.1.2
[Physics::Module] Integration Version: 1.0.0
[Physics::Module] Threading Mode: Multi-Threaded
Refreshing native plugins compatible for Editor in 78.83 ms, found 3 plugins.
Preloading 0 native plugins for Editor in 0.00 ms.
Initialize engine version: 6000.0.41f1 (46e447368a18)
[Subsystems] Discovering subsystems at path C:/Program Files/Unity/Hub/Editor/6000.0.41f1/Editor/Data/Resources/UnitySubsystems
[Subsystems] Discovering subsystems at path C:/Users/tormi/My project (1)/Assets
GfxDevice: creating device client; kGfxThreadingModeNonThreaded
Direct3D:
    Version:  Direct3D 11.0 [level 11.1]
    Renderer: AMD Radeon(TM) Graphics (ID=0x164c)
    Vendor:   ATI
    VRAM:     7877 MB
    Driver:   30.0.13044.14002
Initialize mono
Mono path[0] = 'C:/Program Files/Unity/Hub/Editor/6000.0.41f1/Editor/Data/Managed'
Mono path[1] = 'C:/Program Files/Unity/Hub/Editor/6000.0.41f1/Editor/Data/MonoBleedingEdge/lib/mono/unityjit-win32'
Mono config path = 'C:/Program Files/Unity/Hub/Editor/6000.0.41f1/Editor/Data/MonoBleedingEdge/etc'
Using monoOptions --debugger-agent=transport=dt_socket,embedding=1,server=y,suspend=n,address=127.0.0.1:56232
Begin MonoManager ReloadAssembly
Registering precompiled unity dll's ...
Register platform support module: C:/Program Files/Unity/Hub/Editor/6000.0.41f1/Editor/Data/PlaybackEngines/WindowsStandaloneSupport/UnityEditor.WindowsStandalone.Extensions.dll
Register platform support module: C:/Program Files/Unity/Hub/Editor/6000.0.41f1/Editor/Data/PlaybackEngines/AndroidPlayer/UnityEditor.Android.Extensions.dll
Register platform support module: C:/Program Files/Unity/Hub/Editor/6000.0.41f1/Editor/Data/PlaybackEngines/iOSSupport/UnityEditor.iOS.Extensions.dll
Registered in 0.011072 seconds.
- Loaded All Assemblies, in  0.745 seconds
[usbmuxd] Start listen thread
[usbmuxd] Listen thread started
Native extension for iOS target not found
Native extension for Android target not found
Android Extension - Scanning For ADB Devices 760 ms
Native extension for WindowsStandalone target not found
Mono: successfully reloaded assembly
- Finished resetting the current domain, in  1.594 seconds
Domain Reload Profiling: 2336ms
	BeginReloadAssembly (279ms)
		ExecutionOrderSort (0ms)
		DisableScriptedObjects (0ms)
		BackupInstance (0ms)
		ReleaseScriptingObjects (0ms)
		CreateAndSetChildDomain (3ms)
	RebuildCommonClasses (86ms)
	RebuildNativeTypeToScriptingClass (15ms)
	initialDomainReloadingComplete (103ms)
	LoadAllAssembliesAndSetupDomain (257ms)
		LoadAssemblies (274ms)
		RebuildTransferFunctionScriptingTraits (0ms)
		AnalyzeDomain (248ms)
			TypeCache.Refresh (244ms)
				TypeCache.ScanAssembly (214ms)
			BuildScriptInfoCaches (1ms)
			ResolveRequiredComponents (1ms)
	FinalizeReload (1595ms)
		ReleaseScriptCaches (0ms)
		RebuildScriptCaches (0ms)
		SetupLoadedEditorAssemblies (1504ms)
			LogAssemblyErrors (0ms)
			InitializePlatformSupportModulesInManaged (984ms)
			SetLoadedEditorAssemblies (7ms)
			BeforeProcessingInitializeOnLoad (101ms)
			ProcessInitializeOnLoadAttributes (293ms)
			ProcessInitializeOnLoadMethodAttributes (118ms)
			AfterProcessingInitializeOnLoad (0ms)
			EditorAssembliesLoaded (0ms)
		ExecutionOrderSort2 (0ms)
		AwakeInstancesAfterBackupRestoration (0ms)
========================================================================
Worker process is ready to serve import requests
Import Worker Mode flag is 0x00
Begin MonoManager ReloadAssembly
- Loaded All Assemblies, in  1.962 seconds
Refreshing native plugins compatible for Editor in 6.32 ms, found 3 plugins.
Native extension for iOS target not found
Native extension for Android target not found
Native extension for WindowsStandalone target not found
Mono: successfully reloaded assembly
Package Manager log level set to [2]
[Package Manager] Failed to launch server process. Reason: Unity was launched with the -noUpm command-line argument
[Package Manager] Unable to send message (not connected to server process).
[Package Manager] Cannot connect to Unity Package Manager local server
[Package Manager] Failed to launch server process. Reason: Unity was launched with the -noUpm command-line argument
[Package Manager] Unable to send message (not connected to server process).
[Package Manager] Cannot connect to Unity Package Manager local server
- Finished resetting the current domain, in  1.705 seconds
Domain Reload Profiling: 3657ms
	BeginReloadAssembly (345ms)
		ExecutionOrderSort (0ms)
		DisableScriptedObjects (13ms)
		BackupInstance (0ms)
		ReleaseScriptingObjects (0ms)
		CreateAndSetChildDomain (80ms)
	RebuildCommonClasses (62ms)
	RebuildNativeTypeToScriptingClass (19ms)
	initialDomainReloadingComplete (82ms)
	LoadAllAssembliesAndSetupDomain (1442ms)
		LoadAssemblies (1085ms)
		RebuildTransferFunctionScriptingTraits (0ms)
		AnalyzeDomain (556ms)
			TypeCache.Refresh (412ms)
				TypeCache.ScanAssembly (368ms)
			BuildScriptInfoCaches (115ms)
			ResolveRequiredComponents (21ms)
	FinalizeReload (1706ms)
		ReleaseScriptCaches (0ms)
		RebuildScriptCaches (0ms)
		SetupLoadedEditorAssemblies (1246ms)
			LogAssemblyErrors (0ms)
			InitializePlatformSupportModulesInManaged (24ms)
			SetLoadedEditorAssemblies (8ms)
			BeforeProcessingInitializeOnLoad (171ms)
			ProcessInitializeOnLoadAttributes (865ms)
			ProcessInitializeOnLoadMethodAttributes (169ms)
			AfterProcessingInitializeOnLoad (8ms)
			EditorAssembliesLoaded (0ms)
		ExecutionOrderSort2 (0ms)
		AwakeInstancesAfterBackupRestoration (10ms)
Launched and connected shader compiler UnityShaderCompiler.exe after 0.05 seconds
Refreshing native plugins compatible for Editor in 5.35 ms, found 3 plugins.
Preloading 0 native plugins for Editor in 0.00 ms.
Unloading 191 Unused Serialized files (Serialized files now loaded: 0)
Unloading 6227 unused Assets / (6.9 MB). Loaded Objects now: 6856.
Memory consumption went from 156.9 MB to 150.0 MB.
Total: 29.666800 ms (FindLiveObjects: 2.092900 ms CreateObjectMapping: 2.084600 ms MarkObjects: 14.825900 ms  DeleteObjects: 10.660200 ms)

========================================================================
Received Import Request.
  Time since last request: 1154992.045334 seconds.
  path: Assets/YughuesFreeFlooringMaterials/Preview/Sc_YFFlM_Preview/ReflectionProbe-1.exr
  artifactKey: Guid(8dae168aa496b744a9769cfee829112e) Importer(2089858483,192608db42251d675da83286b1cce702)
Start importing Assets/YughuesFreeFlooringMaterials/Preview/Sc_YFFlM_Preview/ReflectionProbe-1.exr using Guid(8dae168aa496b744a9769cfee829112e) Importer(2089858483,192608db42251d675da83286b1cce702) (ScriptedImporter) -> (artifact id: 'dfe160d29495906acd79744119e3bb23') in 0.4625578 seconds
Number of updated asset objects reloaded before import = 0Number of asset objects unloaded after import = 1

========================================================================
Received Import Request.
  Time since last request: 0.000043 seconds.
  path: Assets/Plugins/IngameDebugConsole/Sprites/SlicedBackground3.psd
  artifactKey: Guid(b3f0d976f6d6802479d6465d11b3aa68) Importer(2089858483,192608db42251d675da83286b1cce702)
Start importing Assets/Plugins/IngameDebugConsole/Sprites/SlicedBackground3.psd using Guid(b3f0d976f6d6802479d6465d11b3aa68) Importer(2089858483,192608db42251d675da83286b1cce702) (ScriptedImporter) -> (artifact id: '6a1aefb2fad020f6d47d5f10796d3c53') in 0.123607 seconds
Number of updated asset objects reloaded before import = 0Number of asset objects unloaded after import = 3

========================================================================
Received Import Request.
  Time since last request: 0.000048 seconds.
  path: Assets/Plugins/IngameDebugConsole/Sprites/IconError.psd
  artifactKey: Guid(66305a19e3614694f868c75a982e6b68) Importer(2089858483,192608db42251d675da83286b1cce702)
Start importing Assets/Plugins/IngameDebugConsole/Sprites/IconError.psd using Guid(66305a19e3614694f868c75a982e6b68) Importer(2089858483,192608db42251d675da83286b1cce702) (ScriptedImporter) -> (artifact id: '0a37110068f8963b3692ebbed0734375') in 0.0410846 seconds
Number of updated asset objects reloaded before import = 0Number of asset objects unloaded after import = 3

========================================================================
Received Import Request.
  Time since last request: 0.000039 seconds.
  path: Assets/YughuesFreeFlooringMaterials/Materials/M_YFFlM_03.mat
  artifactKey: Guid(901d491d68de4614f94082da47053d79) Importer(2089858483,192608db42251d675da83286b1cce702)
Start importing Assets/YughuesFreeFlooringMaterials/Materials/M_YFFlM_03.mat using Guid(901d491d68de4614f94082da47053d79) Importer(2089858483,192608db42251d675da83286b1cce702) (ScriptedImporter) -> (artifact id: '80d77ee1e7186e07fccc0dace0a5315d') in 0.085656 seconds
Number of updated asset objects reloaded before import = 0Number of asset objects unloaded after import = 5

========================================================================
Received Import Request.
  Time since last request: 0.000028 seconds.
  path: Assets/Plugins/IngameDebugConsole/IngameDebugConsole.Runtime.asmdef
  artifactKey: Guid(3de88c88fbbb8f944b9210d496af9762) Importer(2089858483,192608db42251d675da83286b1cce702)
Start importing Assets/Plugins/IngameDebugConsole/IngameDebugConsole.Runtime.asmdef using Guid(3de88c88fbbb8f944b9210d496af9762) Importer(2089858483,192608db42251d675da83286b1cce702) (ScriptedImporter) -> (artifact id: '0690b9c1325ebe0211c9a9079dd461e6') in 0.0443216 seconds
Number of updated asset objects reloaded before import = 0Number of asset objects unloaded after import = 1

========================================================================
Received Import Request.
  Time since last request: 0.000046 seconds.
  path: Assets/BrokenVector/LowpolyChessPack/Prefabs/White Rook.prefab
  artifactKey: Guid(43ef2ba32fda59c42a1410ea490d494b) Importer(2089858483,192608db42251d675da83286b1cce702)
Start importing Assets/BrokenVector/LowpolyChessPack/Prefabs/White Rook.prefab using Guid(43ef2ba32fda59c42a1410ea490d494b) Importer(2089858483,192608db42251d675da83286b1cce702) (ScriptedImporter) -> (artifact id: 'f46dc5d76c2d91e170e81670012897ab') in 0.134615 seconds
Number of updated asset objects reloaded before import = 0Number of asset objects unloaded after import = 9

========================================================================
Received Import Request.
  Time since last request: 0.000048 seconds.
  path: Assets/Scripts/Chess Game/PieceCreator.cs
  artifactKey: Guid(f8a27dedffe182746949dda52849d82b) Importer(2089858483,192608db42251d675da83286b1cce702)
Start importing Assets/Scripts/Chess Game/PieceCreator.cs using Guid(f8a27dedffe182746949dda52849d82b) Importer(2089858483,192608db42251d675da83286b1cce702) (ScriptedImporter) -> (artifact id: '772820a1beb1ec03f9913f4442f86a96') in 0.0320129 seconds
Number of updated asset objects reloaded before import = 0Number of asset objects unloaded after import = 0

========================================================================
Received Import Request.
  Time since last request: 0.000040 seconds.
  path: Assets/Scripts/Chess Game/Piece.cs
  artifactKey: Guid(8004f2da8592c8748a86d25d523bd3ff) Importer(2089858483,192608db42251d675da83286b1cce702)
Start importing Assets/Scripts/Chess Game/Piece.cs using Guid(8004f2da8592c8748a86d25d523bd3ff) Importer(2089858483,192608db42251d675da83286b1cce702) (ScriptedImporter) -> (artifact id: '8a0c162369ddee84f14748ad0c4b090d') in 0.0378249 seconds
Number of updated asset objects reloaded before import = 0Number of asset objects unloaded after import = 0

========================================================================
Received Import Request.
  Time since last request: 0.000077 seconds.
  path: Assets/Scripts/Chess Game/ChessGameController.cs
  artifactKey: Guid(4668118cb040a6842b4688d63c9857df) Importer(2089858483,192608db42251d675da83286b1cce702)
Start importing Assets/Scripts/Chess Game/ChessGameController.cs using Guid(4668118cb040a6842b4688d63c9857df) Importer(2089858483,192608db42251d675da83286b1cce702) (ScriptedImporter) -> (artifact id: 'a42abce47bb1ff35354f554401d2b7df') in 0.043044 seconds
Number of updated asset objects reloaded before import = 0Number of asset objects unloaded after import = 0

========================================================================
Received Import Request.
  Time since last request: 0.000030 seconds.
  path: Assets/YughuesFreeFlooringMaterials/Textures/T_YFFlM_06_d.tga
  artifactKey: Guid(9f6599c9e4a723d41af0d344fd2373b7) Importer(2089858483,192608db42251d675da83286b1cce702)
Start importing Assets/YughuesFreeFlooringMaterials/Textures/T_YFFlM_06_d.tga using Guid(9f6599c9e4a723d41af0d344fd2373b7) Importer(2089858483,192608db42251d675da83286b1cce702) (ScriptedImporter) -> (artifact id: '2a0af26ed0caa30b54ebcd2c4880bf13') in 0.0484192 seconds
Number of updated asset objects reloaded before import = 0Number of asset objects unloaded after import = 1

========================================================================
Received Import Request.
  Time since last request: 0.000050 seconds.
  path: Assets/YughuesFreeFlooringMaterials/Preview/Sc_YFFlM_Preview.unity
  artifactKey: Guid(d65cdaf43baefb445b11f7bd7d1faeac) Importer(2089858483,192608db42251d675da83286b1cce702)
Start importing Assets/YughuesFreeFlooringMaterials/Preview/Sc_YFFlM_Preview.unity using Guid(d65cdaf43baefb445b11f7bd7d1faeac) Importer(2089858483,192608db42251d675da83286b1cce702) (ScriptedImporter) -> (artifact id: '758198e20a4264f5268f629ece673a36') in 0.0663489 seconds
Number of updated asset objects reloaded before import = 0Number of asset objects unloaded after import = 1

========================================================================
Received Import Request.
  Time since last request: 0.000077 seconds.
  path: Assets/Plugins/IngameDebugConsole/Editor/IngameDebugConsole.Editor.asmdef
  artifactKey: Guid(466e67dabd1db22468246c39eddb6c3f) Importer(2089858483,192608db42251d675da83286b1cce702)
Start importing Assets/Plugins/IngameDebugConsole/Editor/IngameDebugConsole.Editor.asmdef using Guid(466e67dabd1db22468246c39eddb6c3f) Importer(2089858483,192608db42251d675da83286b1cce702) (ScriptedImporter) -> (artifact id: 'f05495e8e821a09970b77fb08baaf6c9') in 0.0829184 seconds
Number of updated asset objects reloaded before import = 0Number of asset objects unloaded after import = 1

========================================================================
Received Import Request.
  Time since last request: 0.000053 seconds.
  path: Assets/BrokenVector/LowpolyChessPack/Prefabs/Black Knight.prefab
  artifactKey: Guid(b6c7ad354ac474944ba26b2895a59759) Importer(2089858483,192608db42251d675da83286b1cce702)
Start importing Assets/BrokenVector/LowpolyChessPack/Prefabs/Black Knight.prefab using Guid(b6c7ad354ac474944ba26b2895a59759) Importer(2089858483,192608db42251d675da83286b1cce702) (ScriptedImporter) -> (artifact id: 'd564c291e916dcaf06c203ab0afd9bc9') in 0.0533952 seconds
Number of updated asset objects reloaded before import = 0Number of asset objects unloaded after import = 9

========================================================================
Received Import Request.
  Time since last request: 3.267693 seconds.
  path: Assets/BrokenVector/LowpolyChessPack/Textures/Chess Color Scheme.png
  artifactKey: Guid(2a6c422d6735b0540baa3ebf661f1b8e) Importer(815301076,1909f56bfc062723c751e8b465ee728b)
Start importing Assets/BrokenVector/LowpolyChessPack/Textures/Chess Color Scheme.png using Guid(2a6c422d6735b0540baa3ebf661f1b8e) Importer(815301076,1909f56bfc062723c751e8b465ee728b) (PreviewImporter) -> (artifact id: 'f65ea293c10e0665b3cfbd58864f2313') in 0.1154874 seconds
Number of updated asset objects reloaded before import = 0Number of asset objects unloaded after import = 2

========================================================================
Received Import Request.
  Time since last request: 0.000040 seconds.
  path: Assets/Adaptive Performance/Settings
  artifactKey: Guid(9d217ca73cc4d55469c01c6f8f9ca18d) Importer(2089858483,192608db42251d675da83286b1cce702)
Start importing Assets/Adaptive Performance/Settings using Guid(9d217ca73cc4d55469c01c6f8f9ca18d) Importer(2089858483,192608db42251d675da83286b1cce702) (ScriptedImporter) -> (artifact id: '2c6c3a3957536a25fc7fc10d97bc0927') in 0.0303895 seconds
Number of updated asset objects reloaded before import = 0Number of asset objects unloaded after import = 1

Editor requested this worker to shutdown with reason: Scaling down because of idle timeout
AssetImportWorker is now disconnected from the server
Process exiting
Exiting without the bug reporter. Application will terminate with return code 0